# JRE version: OpenJDK Runtime Environment (8.0_312-b07) (build 1.8.0_312-b07)
# Java VM: OpenJDK 64-Bit Server VM (25.312-b07 mixed mode bsd-amd64 compressed oops)
Heap:
 PSYoungGen      total 76288K, used 26687K [0x000000076ab00000, 0x0000000770000000, 0x00000007c0000000)
  eden space 65536K, 25% used [0x000000076ab00000,0x000000076bb5e920,0x000000076eb00000)
  from space 10752K, 92% used [0x000000076eb00000,0x000000076f4b16d8,0x000000076f580000)
  to   space 10752K, 0% used [0x000000076f580000,0x000000076f580000,0x0000000770000000)
 ParOldGen       total 175104K, used 7857K [0x00000006c0000000, 0x00000006cab00000, 0x000000076ab00000)
  object space 175104K, 4% used [0x00000006c0000000,0x00000006c07ac688,0x00000006cab00000)
 Metaspace       used 17638K, capacity 18436K, committed 18560K, reserved 1064960K
  class space    used 2353K, capacity 2598K, committed 2688K, reserved 1048576K
GC Heap History (6 events):
Event: 25.076 GC heap before
{Heap before GC invocations=1 (full 0):
 PSYoungGen      total 76288K, used 65536K [0x000000076ab00000, 0x0000000770000000, 0x00000007c0000000)
  eden space 65536K, 100% used [0x000000076ab00000,0x000000076eb00000,0x000000076eb00000)
  from space 10752K, 0% used [0x000000076f580000,0x000000076f580000,0x0000000770000000)
  to   space 10752K, 0% used [0x000000076eb00000,0x000000076eb00000,0x000000076f580000)
 ParOldGen       total 175104K, used 0K [0x00000006c0000000, 0x00000006cab00000, 0x000000076ab00000)
  object space 175104K, 0% used [0x00000006c0000000,0x00000006c0000000,0x00000006cab00000)
 Metaspace       used 15812K, capacity 16502K, committed 16768K, reserved 1062912K
  class space    used 2131K, capacity 2325K, committed 2432K, reserved 1048576K
Event: 25.123 GC heap after
Heap after GC invocations=1 (full 0):
 PSYoungGen      total 76288K, used 10746K [0x000000076ab00000, 0x0000000770000000, 0x00000007c0000000)
  eden space 65536K, 0% used [0x000000076ab00000,0x000000076ab00000,0x000000076eb00000)
  from space 10752K, 99% used [0x000000076eb00000,0x000000076f57ead0,0x000000076f580000)
  to   space 10752K, 0% used [0x000000076f580000,0x000000076f580000,0x0000000770000000)
 ParOldGen       total 175104K, used 7841K [0x00000006c0000000, 0x00000006cab00000, 0x000000076ab00000)
  object space 175104K, 4% used [0x00000006c0000000,0x00000006c07a8688,0x00000006cab00000)
 Metaspace       used 15812K, capacity 16502K, committed 16768K, reserved 1062912K
  class space    used 2131K, capacity 2325K, committed 2432K, reserved 1048576K
}
Event: 324.767 GC heap before
{Heap before GC invocations=2 (full 0):
 PSYoungGen      total 76288K, used 76282K [0x000000076ab00000, 0x0000000770000000, 0x00000007c0000000)
  eden space 65536K, 100% used [0x000000076ab00000,0x000000076eb00000,0x000000076eb00000)
  from space 10752K, 99% used [0x000000076eb00000,0x000000076f57ead0,0x000000076f580000)
  to   space 10752K, 0% used [0x000000076f580000,0x000000076f580000,0x0000000770000000)
 ParOldGen       total 175104K, used 7841K [0x00000006c0000000, 0x00000006cab00000, 0x000000076ab00000)
  object space 175104K, 4% used [0x00000006c0000000,0x00000006c07a8688,0x00000006cab00000)
 Metaspace       used 16565K, capacity 17192K, committed 17536K, reserved 1064960K
  class space    used 2159K, capacity 2338K, committed 2432K, reserved 1048576K
Event: 324.828 GC heap after
Heap after GC invocations=2 (full 0):
 PSYoungGen      total 76288K, used 9042K [0x000000076ab00000, 0x0000000770000000, 0x00000007c0000000)
  eden space 65536K, 0% used [0x000000076ab00000,0x000000076ab00000,0x000000076eb00000)
  from space 10752K, 84% used [0x000000076f580000,0x000000076fe54ad0,0x0000000770000000)
  to   space 10752K, 0% used [0x000000076eb00000,0x000000076eb00000,0x000000076f580000)
 ParOldGen       total 175104K, used 7849K [0x00000006c0000000, 0x00000006cab00000, 0x000000076ab00000)
  object space 175104K, 4% used [0x00000006c0000000,0x00000006c07aa688,0x00000006cab00000)
 Metaspace       used 16565K, capacity 17192K, committed 17536K, reserved 1064960K
  class space    used 2159K, capacity 2338K, committed 2432K, reserved 1048576K
}
Event: 615.100 GC heap before
{Heap before GC invocations=3 (full 0):
 PSYoungGen      total 76288K, used 73588K [0x000000076ab00000, 0x0000000770000000, 0x00000007c0000000)
  eden space 65536K, 98% used [0x000000076ab00000,0x000000076ea086f0,0x000000076eb00000)
  from space 10752K, 84% used [0x000000076f580000,0x000000076fe54ad0,0x0000000770000000)
  to   space 10752K, 0% used [0x000000076eb00000,0x000000076eb00000,0x000000076f580000)
 ParOldGen       total 175104K, used 7849K [0x00000006c0000000, 0x00000006cab00000, 0x000000076ab00000)
  object space 175104K, 4% used [0x00000006c0000000,0x00000006c07aa688,0x00000006cab00000)
 Metaspace       used 17625K, capacity 18430K, committed 18560K, reserved 1064960K
  class space    used 2352K, capacity 2597K, committed 2688K, reserved 1048576K
Event: 615.143 GC heap after
Heap after GC invocations=3 (full 0):
 PSYoungGen      total 76288K, used 9925K [0x000000076ab00000, 0x0000000770000000, 0x00000007c0000000)
  eden space 65536K, 0% used [0x000000076ab00000,0x000000076ab00000,0x000000076eb00000)
  from space 10752K, 92% used [0x000000076eb00000,0x000000076f4b16d8,0x000000076f580000)
  to   space 10752K, 0% used [0x000000076f580000,0x000000076f580000,0x0000000770000000)
 ParOldGen       total 175104K, used 7857K [0x00000006c0000000, 0x00000006cab00000, 0x000000076ab00000)
  object space 175104K, 4% used [0x00000006c0000000,0x00000006c07ac688,0x00000006cab00000)
 Metaspace       used 17625K, capacity 18430K, committed 18560K, reserved 1064960K
  class space    used 2352K, capacity 2597K, committed 2688K, reserved 1048576K
}

